<?xml version="1.0" encoding="UTF-8"?>
<!-- Generated by org.testng.reporters.JUnitReportReporter -->
<testsuite skipped="0" hostname="DESKTOP-6IP7VMK" name="testNG_Exercise_TF.TestNG_Test" tests="1" failures="0" timestamp="2022-11-22T12:39:39 EST" time="15.028" errors="0">
  <testcase name="validUserSouldAbleToAddCatagory" time="15.028" classname="testNG_Exercise_TF.TestNG_Test"/>
  <system-out/>
</testsuite> <!-- testNG_Exercise_TF.TestNG_Test -->
